<?xml version="1.0" encoding="UTF-8"?>
<!-- Generated by org.testng.reporters.JUnitReportReporter -->
<testsuite hostname="Ranjith" name="pack3.DemoTestNg" tests="2" failures="0" timestamp="2 Mar 2017 05:38:33 GMT" time="36.949" errors="0">
  <testcase name="m1" time="19.567" classname="pack3.DemoTestNg"/>
  <testcase name="m2" time="17.382" classname="pack3.DemoTestNg"/>
</testsuite> <!-- pack3.DemoTestNg -->
