<?xml version="1.0" encoding="UTF-8"?>
<!-- Generated by org.testng.reporters.JUnitReportReporter -->
<testsuite hostname="Ranjith" name="pack4.ReadDataFromExcel" tests="1" failures="0" timestamp="3 Mar 2017 03:29:31 GMT" time="26.626" errors="0">
  <testcase name="m" time="26.626" classname="pack4.ReadDataFromExcel"/>
</testsuite> <!-- pack4.ReadDataFromExcel -->
